
> skatehubba-client@1.0.0 build C:\Users\LowAn\skatehubba1\client
> pnpm run typecheck && vite build


> skatehubba-client@1.0.0 typecheck C:\Users\LowAn\skatehubba1\client
> tsc --noEmit

[36mvite v6.4.1 [32mbuilding for production...[36m[39m
transforming...
[32m✓[39m 2574 modules transformed.
rendering chunks...
computing gzip size...
[2mdist/[22m[32mindex.html                             [39m[1m[2m  9.54 kB[22m[1m[22m[2m │ gzip:   3.09 kB[22m
[2mdist/[22m[35massets/leaflet-Dgihpmma.css            [39m[1m[2m 15.04 kB[22m[1m[22m[2m │ gzip:   6.38 kB[22m
[2mdist/[22m[35massets/index-ChDHk9_i.css              [39m[1m[2m104.71 kB[22m[1m[22m[2m │ gzip:  18.09 kB[22m
[2mdist/[22m[36massets/MobileLayout-DpmydM-D.js        [39m[1m[2m  0.24 kB[22m[1m[22m[2m │ gzip:   0.20 kB[22m
[2mdist/[22m[36massets/operations-BdfuoM4t.js          [39m[1m[2m  0.37 kB[22m[1m[22m[2m │ gzip:   0.27 kB[22m
[2mdist/[22m[36massets/settings-CYhVPiac.js            [39m[1m[2m  0.42 kB[22m[1m[22m[2m │ gzip:   0.29 kB[22m
[2mdist/[22m[36massets/progress-Cucvbzh-.js            [39m[1m[2m  0.46 kB[22m[1m[22m[2m │ gzip:   0.33 kB[22m
[2mdist/[22m[36massets/checkbox-CaZh4Jgr.js            [39m[1m[2m  0.73 kB[22m[1m[22m[2m │ gzip:   0.42 kB[22m
[2mdist/[22m[36massets/verified-CDC2Qvfe.js            [39m[1m[2m  0.99 kB[22m[1m[22m[2m │ gzip:   0.55 kB[22m
[2mdist/[22m[36massets/tabs-BcLO6Toa.js                [39m[1m[2m  1.13 kB[22m[1m[22m[2m │ gzip:   0.48 kB[22m
[2mdist/[22m[36massets/ClosetGrid-DQxP_GiS.js          [39m[1m[2m  1.46 kB[22m[1m[22m[2m │ gzip:   0.76 kB[22m
[2mdist/[22m[36massets/store-B_Num5C5.js               [39m[1m[2m  1.48 kB[22m[1m[22m[2m │ gzip:   0.74 kB[22m
[2mdist/[22m[36massets/SpotDetailPage-BS2js4Sd.js      [39m[1m[2m  2.26 kB[22m[1m[22m[2m │ gzip:   0.95 kB[22m
[2mdist/[22m[36massets/order-confirmation-DhW6C-0L.js  [39m[1m[2m  2.35 kB[22m[1m[22m[2m │ gzip:   0.87 kB[22m
[2mdist/[22m[36massets/verify-email-cbs8kls9.js        [39m[1m[2m  3.44 kB[22m[1m[22m[2m │ gzip:   1.35 kB[22m
[2mdist/[22m[36massets/leaderboard-BrDESSiN.js         [39m[1m[2m  3.45 kB[22m[1m[22m[2m │ gzip:   1.31 kB[22m
[2mdist/[22m[36massets/feed-CatkcaJJ.js                [39m[1m[2m  3.55 kB[22m[1m[22m[2m │ gzip:   1.38 kB[22m
[2mdist/[22m[36massets/useGeolocation-B6z-MZUo.js      [39m[1m[2m  3.66 kB[22m[1m[22m[2m │ gzip:   1.73 kB[22m
[2mdist/[22m[36massets/BoltsShowcase-BfJPqpF6.js       [39m[1m[2m  3.95 kB[22m[1m[22m[2m │ gzip:   1.40 kB[22m
[2mdist/[22m[36massets/verify-CWd-Uj2P.js              [39m[1m[2m  4.02 kB[22m[1m[22m[2m │ gzip:   1.37 kB[22m
[2mdist/[22m[36massets/signup-oSPruswM.js              [39m[1m[2m  4.18 kB[22m[1m[22m[2m │ gzip:   1.49 kB[22m
[2mdist/[22m[36massets/signin-smDqxiVm.js              [39m[1m[2m  4.41 kB[22m[1m[22m[2m │ gzip:   1.63 kB[22m
[2mdist/[22m[36massets/home-DKZ2f0p7.js                [39m[1m[2m  4.64 kB[22m[1m[22m[2m │ gzip:   1.79 kB[22m
[2mdist/[22m[36massets/ChallengeLobby-CXAR4NVx.js      [39m[1m[2m  4.83 kB[22m[1m[22m[2m │ gzip:   1.97 kB[22m
[2mdist/[22m[36massets/checkout-BjtBxdQV.js            [39m[1m[2m  4.91 kB[22m[1m[22m[2m │ gzip:   1.78 kB[22m
[2mdist/[22m[36massets/profile-BrDIE7Uw.js             [39m[1m[2m  5.35 kB[22m[1m[22m[2m │ gzip:   2.18 kB[22m
[2mdist/[22m[36massets/login-DW06VUqX.js               [39m[1m[2m  5.75 kB[22m[1m[22m[2m │ gzip:   2.19 kB[22m
[2mdist/[22m[36massets/closet-CvLu8-Px.js              [39m[1m[2m  5.76 kB[22m[1m[22m[2m │ gzip:   1.87 kB[22m
[2mdist/[22m[36massets/shop-DWxRNjqu.js                [39m[1m[2m  5.90 kB[22m[1m[22m[2m │ gzip:   2.25 kB[22m
[2mdist/[22m[36massets/checkins-ByYPzaRB.js            [39m[1m[2m  6.21 kB[22m[1m[22m[2m │ gzip:   2.26 kB[22m
[2mdist/[22m[36massets/auth-verify-BVa3cE-Z.js         [39m[1m[2m  6.43 kB[22m[1m[22m[2m │ gzip:   2.06 kB[22m
[2mdist/[22m[36massets/cart-CXx_npq4.js                [39m[1m[2m  7.05 kB[22m[1m[22m[2m │ gzip:   2.23 kB[22m
[2mdist/[22m[36massets/PublicProfileView-CkzZqZqy.js   [39m[1m[2m  7.34 kB[22m[1m[22m[2m │ gzip:   2.30 kB[22m
[2mdist/[22m[36massets/demo-B6In9iDR.js                [39m[1m[2m  7.54 kB[22m[1m[22m[2m │ gzip:   2.22 kB[22m
[2mdist/[22m[36massets/specs-DKIt6QvA.js               [39m[1m[2m  8.36 kB[22m[1m[22m[2m │ gzip:   2.34 kB[22m
[2mdist/[22m[36massets/tutorial-Bk0_SoVu.js            [39m[1m[2m  8.60 kB[22m[1m[22m[2m │ gzip:   2.63 kB[22m
[2mdist/[22m[36massets/skate-game-CEKtuALJ.js          [39m[1m[2m  8.76 kB[22m[1m[22m[2m │ gzip:   2.85 kB[22m
[2mdist/[22m[36massets/trickmint-DBTMabY5.js           [39m[1m[2m  9.27 kB[22m[1m[22m[2m │ gzip:   3.32 kB[22m
[2mdist/[22m[36massets/ProfileSetup-BeYSkva2.js        [39m[1m[2m 10.07 kB[22m[1m[22m[2m │ gzip:   3.33 kB[22m
[2mdist/[22m[36massets/privacy-ByW5aOUj.js             [39m[1m[2m 11.20 kB[22m[1m[22m[2m │ gzip:   2.92 kB[22m
[2mdist/[22m[36massets/terms-CsH_Pm8a.js               [39m[1m[2m 11.93 kB[22m[1m[22m[2m │ gzip:   3.34 kB[22m
[2mdist/[22m[36massets/index-Bfgq3REr.js               [39m[1m[2m 12.00 kB[22m[1m[22m[2m │ gzip:   4.68 kB[22m
[2mdist/[22m[36massets/schema-CXffQlwx.js              [39m[1m[2m 14.40 kB[22m[1m[22m[2m │ gzip:   3.63 kB[22m
[2mdist/[22m[36massets/AuthPage-CeVLjwSf.js            [39m[1m[2m 15.87 kB[22m[1m[22m[2m │ gzip:   3.80 kB[22m
[2mdist/[22m[36massets/map-C60jNc8G.js                 [39m[1m[2m 24.59 kB[22m[1m[22m[2m │ gzip:   7.85 kB[22m
[2mdist/[22m[36massets/icons-VHehfcCF.js               [39m[1m[2m 30.27 kB[22m[1m[22m[2m │ gzip:   6.08 kB[22m
[2mdist/[22m[36massets/App-DFm4ocnc.js                 [39m[1m[2m 68.62 kB[22m[1m[22m[2m │ gzip:  19.76 kB[22m
[2mdist/[22m[36massets/radix-CK8sS4sC.js               [39m[1m[2m 94.03 kB[22m[1m[22m[2m │ gzip:  28.54 kB[22m
[2mdist/[22m[36massets/leaflet-C2YN3g99.js             [39m[1m[2m156.01 kB[22m[1m[22m[2m │ gzip:  48.82 kB[22m
[2mdist/[22m[36massets/firebase-DPuRdbOR.js            [39m[1m[2m515.71 kB[22m[1m[22m[2m │ gzip: 118.92 kB[22m
[2mdist/[22m[36massets/vendor-B7RcYcuc.js              [39m[1m[2m517.50 kB[22m[1m[22m[2m │ gzip: 164.21 kB[22m
[32m✓ built in 14.77s[39m
